This is pdfTeX, Version 3.14159265-2.6-1.40.19 (TeX Live 2019/dev/Debian) (preloaded format=pdflatex 2018.5.29)  3 JUN 2018 12:02
entering extended mode
 restricted \write18 enabled.
 %&-line parsing enabled.
**thesis.tex
(./thesis.tex
LaTeX2e <2018-04-01> patch level 4
Babel <3.20> and hyphenation patterns for 9 language(s) loaded.
(/usr/share/texlive/texmf-dist/tex/latex/base/report.cls
Document Class: report 2014/09/29 v1.4h Standard LaTeX document class
(/usr/share/texlive/texmf-dist/tex/latex/base/size10.clo
File: size10.clo 2014/09/29 v1.4h Standard LaTeX file (size option)
)
\c@part=\count80
\c@chapter=\count81
\c@section=\count82
\c@subsection=\count83
\c@subsubsection=\count84
\c@paragraph=\count85
\c@subparagraph=\count86
\c@figure=\count87
\c@table=\count88
\abovecaptionskip=\skip41
\belowcaptionskip=\skip42
\bibindent=\dimen102
)
(/usr/share/texlive/texmf-dist/tex/latex/subfig/subfig.sty
Package: subfig 2005/06/28 ver: 1.3 subfig package

(/usr/share/texlive/texmf-dist/tex/latex/graphics/keyval.sty
Package: keyval 2014/10/28 v1.15 key=value parser (DPC)
\KV@toks@=\toks14
)
(/usr/share/texlive/texmf-dist/tex/latex/caption/caption.sty
Package: caption 2017/03/19 v3.3-145 Customizing captions (AR)

(/usr/share/texlive/texmf-dist/tex/latex/caption/caption3.sty
Package: caption3 2018/04/15 v1.7-167 caption3 kernel (AR)
Package caption3 Info: TeX engine: e-TeX on input line 64.
\captionmargin=\dimen103
\captionmargin@=\dimen104
\captionwidth=\dimen105
\caption@tempdima=\dimen106
\caption@indent=\dimen107
\caption@parindent=\dimen108
\caption@hangindent=\dimen109
)
\c@ContinuedFloat=\count89
)
\c@KVtest=\count90
\sf@farskip=\skip43
\sf@captopadj=\dimen110
\sf@capskip=\skip44
\sf@nearskip=\skip45
\c@subfigure=\count91
\c@subfigure@save=\count92
\c@lofdepth=\count93
\c@subtable=\count94
\c@subtable@save=\count95
\c@lotdepth=\count96
\sf@top=\skip46
\sf@bottom=\skip47
)
(/usr/share/texlive/texmf-dist/tex/latex/caption/subcaption.sty
Package: subcaption 2016/05/22 v1.1-161 Sub-captions (AR)


! Package subcaption Error: This package can't be used in cooperation
(subcaption)                with the subfig package.

See the subcaption package documentation for explanation.
Type  H <return>  for immediate help.
 ...                                              
                                                  
l.60 \subcaption@CheckCompatibility
                                   
If you do not understand this error, please take a closer look
at the documentation of the `subcaption' package, especially the
section about errors.
Try typing  <return>  to proceed.
If that doesn't work, type  X <return>  to quit.

) (/usr/share/texlive/texmf-dist/tex/latex/base/inputenc.sty
Package: inputenc 2018/04/06 v1.3b Input encoding file
\inpenc@prehook=\toks15
\inpenc@posthook=\toks16
)
(/usr/share/texlive/texmf-dist/tex/latex/tools/tabularx.sty
Package: tabularx 2016/02/03 v2.11b `tabularx' package (DPC)

(/usr/share/texlive/texmf-dist/tex/latex/tools/array.sty
Package: array 2018/04/30 v2.4h Tabular extension package (FMi)
\col@sep=\dimen111
\ar@mcellbox=\box26
\extrarowheight=\dimen112
\NC@list=\toks17
\extratabsurround=\skip48
\backup@length=\skip49
\ar@cellbox=\box27
)
\TX@col@width=\dimen113
\TX@old@table=\dimen114
\TX@old@col=\dimen115
\TX@target=\dimen116
\TX@delta=\dimen117
\TX@cols=\count97
\TX@ftn=\toks18
)
(/usr/share/texlive/texmf-dist/tex/latex/ms/ragged2e.sty
Package: ragged2e 2009/05/21 v2.1 ragged2e Package (MS)

(/usr/share/texlive/texmf-dist/tex/latex/ms/everysel.sty
Package: everysel 2011/10/28 v1.2 EverySelectfont Package (MS)
)
\CenteringLeftskip=\skip50
\RaggedLeftLeftskip=\skip51
\RaggedRightLeftskip=\skip52
\CenteringRightskip=\skip53
\RaggedLeftRightskip=\skip54
\RaggedRightRightskip=\skip55
\CenteringParfillskip=\skip56
\RaggedLeftParfillskip=\skip57
\RaggedRightParfillskip=\skip58
\JustifyingParfillskip=\skip59
\CenteringParindent=\skip60
\RaggedLeftParindent=\skip61
\RaggedRightParindent=\skip62
\JustifyingParindent=\skip63
)
(/usr/share/texlive/texmf-dist/tex/latex/booktabs/booktabs.sty
Package: booktabs 2016/04/27 v1.618033 publication quality tables
\heavyrulewidth=\dimen118
\lightrulewidth=\dimen119
\cmidrulewidth=\dimen120
\belowrulesep=\dimen121
\belowbottomsep=\dimen122
\aboverulesep=\dimen123
\abovetopsep=\dimen124
\cmidrulesep=\dimen125
\cmidrulekern=\dimen126
\defaultaddspace=\dimen127
\@cmidla=\count98
\@cmidlb=\count99
\@aboverulesep=\dimen128
\@belowrulesep=\dimen129
\@thisruleclass=\count100
\@lastruleclass=\count101
\@thisrulewidth=\dimen130
)
(/usr/share/texlive/texmf-dist/tex/generic/epsf/epsf.sty
This is `epsf.tex' v2.7.4 <14 February 2011>
\epsffilein=\read1
\epsfframemargin=\dimen131
\epsfframethickness=\dimen132
\epsfrsize=\dimen133
\epsftmp=\dimen134
\epsftsize=\dimen135
\epsfxsize=\dimen136
\epsfysize=\dimen137
\pspoints=\dimen138
) (/usr/share/texlive/texmf-dist/tex/latex/graphics/graphicx.sty
Package: graphicx 2017/06/01 v1.1a Enhanced LaTeX Graphics (DPC,SPQR)

(/usr/share/texlive/texmf-dist/tex/latex/graphics/graphics.sty
Package: graphics 2017/06/25 v1.2c Standard LaTeX Graphics (DPC,SPQR)

(/usr/share/texlive/texmf-dist/tex/latex/graphics/trig.sty
Package: trig 2016/01/03 v1.10 sin cos tan (DPC)
)
(/usr/share/texlive/texmf-dist/tex/latex/graphics-cfg/graphics.cfg
File: graphics.cfg 2016/06/04 v1.11 sample graphics configuration
)
Package graphics Info: Driver file: pdftex.def on input line 99.

(/usr/share/texlive/texmf-dist/tex/latex/graphics-def/pdftex.def
File: pdftex.def 2018/01/08 v1.0l Graphics/color driver for pdftex
))
\Gin@req@height=\dimen139
\Gin@req@width=\dimen140
)
(/usr/share/texlive/texmf-dist/tex/latex/oberdiek/epstopdf.sty
Package: epstopdf 2016/05/15 v2.6 Conversion with epstopdf on the fly (HO)

(/usr/share/texlive/texmf-dist/tex/latex/oberdiek/epstopdf-base.sty
Package: epstopdf-base 2016/05/15 v2.6 Base part for package epstopdf

(/usr/share/texlive/texmf-dist/tex/generic/oberdiek/infwarerr.sty
Package: infwarerr 2016/05/16 v1.4 Providing info/warning/error messages (HO)
)
(/usr/share/texlive/texmf-dist/tex/latex/oberdiek/grfext.sty
Package: grfext 2016/05/16 v1.2 Manage graphics extensions (HO)

(/usr/share/texlive/texmf-dist/tex/generic/oberdiek/kvdefinekeys.sty
Package: kvdefinekeys 2016/05/16 v1.4 Define keys (HO)

(/usr/share/texlive/texmf-dist/tex/generic/oberdiek/ltxcmds.sty
Package: ltxcmds 2016/05/16 v1.23 LaTeX kernel commands for general use (HO)
)))
(/usr/share/texlive/texmf-dist/tex/latex/oberdiek/kvoptions.sty
Package: kvoptions 2016/05/16 v3.12 Key value format for package options (HO)

(/usr/share/texlive/texmf-dist/tex/generic/oberdiek/kvsetkeys.sty
Package: kvsetkeys 2016/05/16 v1.17 Key value parser (HO)

(/usr/share/texlive/texmf-dist/tex/generic/oberdiek/etexcmds.sty
Package: etexcmds 2016/05/16 v1.6 Avoid name clashes with e-TeX commands (HO)

(/usr/share/texlive/texmf-dist/tex/generic/oberdiek/ifluatex.sty
Package: ifluatex 2016/05/16 v1.4 Provides the ifluatex switch (HO)
Package ifluatex Info: LuaTeX not detected.
))))
(/usr/share/texlive/texmf-dist/tex/generic/oberdiek/pdftexcmds.sty
Package: pdftexcmds 2018/01/30 v0.27 Utility functions of pdfTeX for LuaTeX (HO
)

(/usr/share/texlive/texmf-dist/tex/generic/oberdiek/ifpdf.sty
Package: ifpdf 2017/03/15 v3.2 Provides the ifpdf switch
)
Package pdftexcmds Info: LuaTeX not detected.
Package pdftexcmds Info: \pdf@primitive is available.
Package pdftexcmds Info: \pdf@ifprimitive is available.
Package pdftexcmds Info: \pdfdraftmode found.
)
Package epstopdf-base Info: Redefining graphics rule for `.eps' on input line 4
38.
Package grfext Info: Graphics extension search list:
(grfext)             [.pdf,.png,.jpg,.mps,.jpeg,.jbig2,.jb2,.PDF,.PNG,.JPG,.JPE
G,.JBIG2,.JB2,.eps]
(grfext)             \AppendGraphicsExtensions on input line 456.

(/usr/share/texlive/texmf-dist/tex/latex/latexconfig/epstopdf-sys.cfg
File: epstopdf-sys.cfg 2010/07/13 v1.3 Configuration of (r)epstopdf for TeX Liv
e
)))
(/usr/share/texlive/texmf-dist/tex/latex/graphics/epsfig.sty
Package: epsfig 2017/06/25 v1.7b (e)psfig emulation (SPQR)
\epsfxsize=\dimen141
\epsfysize=\dimen142
)
(/usr/share/texlive/texmf-dist/tex/latex/base/latexsym.sty
Package: latexsym 1998/08/17 v2.2e Standard LaTeX package (lasy symbols)
\symlasy=\mathgroup4
LaTeX Font Info:    Overwriting symbol font `lasy' in version `bold'
(Font)                  U/lasy/m/n --> U/lasy/b/n on input line 52.
)
(/usr/share/texlive/texmf-dist/tex/latex/amsfonts/amssymb.sty
Package: amssymb 2013/01/14 v3.01 AMS font symbols

(/usr/share/texlive/texmf-dist/tex/latex/amsfonts/amsfonts.sty
Package: amsfonts 2013/01/14 v3.01 Basic AMSFonts support
\@emptytoks=\toks19
\symAMSa=\mathgroup5
\symAMSb=\mathgroup6
LaTeX Font Info:    Overwriting math alphabet `\mathfrak' in version `bold'
(Font)                  U/euf/m/n --> U/euf/b/n on input line 106.
))
(/usr/share/texlive/texmf-dist/tex/latex/setspace/setspace.sty
Package: setspace 2011/12/19 v6.7a set line spacing
)
(/usr/share/texlive/texmf-dist/tex/latex/cite/cite.sty
LaTeX Info: Redefining \cite on input line 302.
LaTeX Info: Redefining \nocite on input line 332.
Package: cite 2015/02/27  v 5.5
)
(/usr/share/texlive/texmf-dist/tex/latex/anysize/anysize.sty
Package: anysize 1994/08/13 setting margin sizes

document style option `anysize' loaded
Michael Salzenberg, Thomas Esser, Dirk Hillbrecht
Version 1.0, Aug 13, 1994
\@Leftmargin=\dimen143
\@Rightmargin=\dimen144
\@Topmargin=\dimen145
\@Bottommargin=\dimen146
) (/usr/share/texlive/texmf-dist/tex/latex/amsmath/amsmath.sty
Package: amsmath 2017/09/02 v2.17a AMS math features
\@mathmargin=\skip64

For additional information on amsmath, use the `?' option.
(/usr/share/texlive/texmf-dist/tex/latex/amsmath/amstext.sty
Package: amstext 2000/06/29 v2.01 AMS text

(/usr/share/texlive/texmf-dist/tex/latex/amsmath/amsgen.sty
File: amsgen.sty 1999/11/30 v2.0 generic functions
\@emptytoks=\toks20
\ex@=\dimen147
))
(/usr/share/texlive/texmf-dist/tex/latex/amsmath/amsbsy.sty
Package: amsbsy 1999/11/29 v1.2d Bold Symbols
\pmbraise@=\dimen148
)
(/usr/share/texlive/texmf-dist/tex/latex/amsmath/amsopn.sty
Package: amsopn 2016/03/08 v2.02 operator names
)
\inf@bad=\count102
LaTeX Info: Redefining \frac on input line 213.
\uproot@=\count103
\leftroot@=\count104
LaTeX Info: Redefining \overline on input line 375.
\classnum@=\count105
\DOTSCASE@=\count106
LaTeX Info: Redefining \ldots on input line 472.
LaTeX Info: Redefining \dots on input line 475.
LaTeX Info: Redefining \cdots on input line 596.
\Mathstrutbox@=\box28
\strutbox@=\box29
\big@size=\dimen149
LaTeX Font Info:    Redeclaring font encoding OML on input line 712.
LaTeX Font Info:    Redeclaring font encoding OMS on input line 713.
\macc@depth=\count107
\c@MaxMatrixCols=\count108
\dotsspace@=\muskip10
\c@parentequation=\count109
\dspbrk@lvl=\count110
\tag@help=\toks21
\row@=\count111
\column@=\count112
\maxfields@=\count113
\andhelp@=\toks22
\eqnshift@=\dimen150
\alignsep@=\dimen151
\tagshift@=\dimen152
\tagwidth@=\dimen153
\totwidth@=\dimen154
\lineht@=\dimen155
\@envbody=\toks23
\multlinegap=\skip65
\multlinetaggap=\skip66
\mathdisplay@stack=\toks24
LaTeX Info: Redefining \[ on input line 2817.
LaTeX Info: Redefining \] on input line 2818.
)
(/usr/share/texlive/texmf-dist/tex/latex/xcolor/xcolor.sty
Package: xcolor 2016/05/11 v2.12 LaTeX color extensions (UK)

(/usr/share/texlive/texmf-dist/tex/latex/graphics-cfg/color.cfg
File: color.cfg 2016/01/02 v1.6 sample color configuration
)
Package xcolor Info: Driver file: pdftex.def on input line 225.
Package xcolor Info: Model `cmy' substituted by `cmy0' on input line 1348.
Package xcolor Info: Model `hsb' substituted by `rgb' on input line 1352.
Package xcolor Info: Model `RGB' extended on input line 1364.
Package xcolor Info: Model `HTML' substituted by `rgb' on input line 1366.
Package xcolor Info: Model `Hsb' substituted by `hsb' on input line 1367.
Package xcolor Info: Model `tHsb' substituted by `hsb' on input line 1368.
Package xcolor Info: Model `HSB' substituted by `hsb' on input line 1369.
Package xcolor Info: Model `Gray' substituted by `gray' on input line 1370.
Package xcolor Info: Model `wave' substituted by `hsb' on input line 1371.
)
(./fancyhdr.sty
\headwidth=\dimen156
) (/usr/share/texlive/texmf-dist/tex/latex/hyperref/hyperref.sty
Package: hyperref 2018/02/06 v6.86b Hypertext links for LaTeX
(/usr/share/texlive/texmf-dist/tex/generic/oberdiek/hobsub-hyperref.sty
Package: hobsub-hyperref 2016/05/16 v1.14 Bundle oberdiek, subset hyperref (HO)


(/usr/share/texlive/texmf-dist/tex/generic/oberdiek/hobsub-generic.sty
Package: hobsub-generic 2016/05/16 v1.14 Bundle oberdiek, subset generic (HO)
Package: hobsub 2016/05/16 v1.14 Construct package bundles (HO)
Package hobsub Info: Skipping package `infwarerr' (already loaded).
Package hobsub Info: Skipping package `ltxcmds' (already loaded).
Package hobsub Info: Skipping package `ifluatex' (already loaded).
Package: ifvtex 2016/05/16 v1.6 Detect VTeX and its facilities (HO)
Package ifvtex Info: VTeX not detected.
Package: intcalc 2016/05/16 v1.2 Expandable calculations with integers (HO)
Package hobsub Info: Skipping package `ifpdf' (already loaded).
Package hobsub Info: Skipping package `etexcmds' (already loaded).
Package hobsub Info: Skipping package `kvsetkeys' (already loaded).
Package hobsub Info: Skipping package `kvdefinekeys' (already loaded).
Package hobsub Info: Skipping package `pdftexcmds' (already loaded).
Package: pdfescape 2016/05/16 v1.14 Implements pdfTeX's escape features (HO)
Package: bigintcalc 2016/05/16 v1.4 Expandable calculations on big integers (HO
)
Package: bitset 2016/05/16 v1.2 Handle bit-vector datatype (HO)
Package: uniquecounter 2016/05/16 v1.3 Provide unlimited unique counter (HO)
)
Package hobsub Info: Skipping package `hobsub' (already loaded).
Package: letltxmacro 2016/05/16 v1.5 Let assignment for LaTeX macros (HO)
Package: hopatch 2016/05/16 v1.3 Wrapper for package hooks (HO)
Package: xcolor-patch 2016/05/16 xcolor patch
Package: atveryend 2016/05/16 v1.9 Hooks at the very end of document (HO)
Package atveryend Info: \enddocument detected (standard20110627).
Package: atbegshi 2016/06/09 v1.18 At begin shipout hook (HO)
Package: refcount 2016/05/16 v3.5 Data extraction from label references (HO)
Package: hycolor 2016/05/16 v1.8 Color options for hyperref/bookmark (HO)
)
(/usr/share/texlive/texmf-dist/tex/generic/ifxetex/ifxetex.sty
Package: ifxetex 2010/09/12 v0.6 Provides ifxetex conditional
)
(/usr/share/texlive/texmf-dist/tex/latex/oberdiek/auxhook.sty
Package: auxhook 2016/05/16 v1.4 Hooks for auxiliary files (HO)
)
\@linkdim=\dimen157
\Hy@linkcounter=\count114
\Hy@pagecounter=\count115

(/usr/share/texlive/texmf-dist/tex/latex/hyperref/pd1enc.def
File: pd1enc.def 2018/02/06 v6.86b Hyperref: PDFDocEncoding definition (HO)
Now handling font encoding PD1 ...
... no UTF-8 mapping file for font encoding PD1
)
\Hy@SavedSpaceFactor=\count116

(/usr/share/texlive/texmf-dist/tex/latex/latexconfig/hyperref.cfg
File: hyperref.cfg 2002/06/06 v1.2 hyperref configuration of TeXLive
)
Package hyperref Info: Hyper figures OFF on input line 4509.
Package hyperref Info: Link nesting OFF on input line 4514.
Package hyperref Info: Hyper index ON on input line 4517.
Package hyperref Info: Plain pages OFF on input line 4524.
Package hyperref Info: Backreferencing OFF on input line 4529.
Package hyperref Info: Implicit mode ON; LaTeX internals redefined.
Package hyperref Info: Bookmarks ON on input line 4762.
\c@Hy@tempcnt=\count117

(/usr/share/texlive/texmf-dist/tex/latex/url/url.sty
\Urlmuskip=\muskip11
Package: url 2013/09/16  ver 3.4  Verb mode for urls, etc.
)
LaTeX Info: Redefining \url on input line 5115.
\XeTeXLinkMargin=\dimen158
\Fld@menulength=\count118
\Field@Width=\dimen159
\Fld@charsize=\dimen160
Package hyperref Info: Hyper figures OFF on input line 6369.
Package hyperref Info: Link nesting OFF on input line 6374.
Package hyperref Info: Hyper index ON on input line 6377.
Package hyperref Info: backreferencing OFF on input line 6384.
Package hyperref Info: Link coloring OFF on input line 6389.
Package hyperref Info: Link coloring with OCG OFF on input line 6394.
Package hyperref Info: PDF/A mode OFF on input line 6399.
LaTeX Info: Redefining \ref on input line 6439.
LaTeX Info: Redefining \pageref on input line 6443.
\Hy@abspage=\count119
\c@Item=\count120
\c@Hfootnote=\count121
)
Package hyperref Info: Driver (autodetected): hpdftex.

(/usr/share/texlive/texmf-dist/tex/latex/hyperref/hpdftex.def
File: hpdftex.def 2018/02/06 v6.86b Hyperref driver for pdfTeX
\Fld@listcount=\count122
\c@bookmark@seq@number=\count123

(/usr/share/texlive/texmf-dist/tex/latex/oberdiek/rerunfilecheck.sty
Package: rerunfilecheck 2016/05/16 v1.8 Rerun checks for auxiliary files (HO)
Package uniquecounter Info: New unique counter `rerunfilecheck' on input line 2
82.
)
\Hy@SectionHShift=\skip67
)
Package hyperref Info: Option `colorlinks' set `true' on input line 33.


LaTeX Warning: Unused global option(s):
    [a4,12p].

(./thesis.aux (./header.aux)

LaTeX Warning: Label `sect:thefirst' multiply defined.


LaTeX Warning: Label `chap:comp' multiply defined.


LaTeX Warning: Label `chap:meth' multiply defined.


LaTeX Warning: Label `fig:blocks' multiply defined.


LaTeX Warning: Label `fig:blocks' multiply defined.

)
\openout1 = `thesis.aux'.

LaTeX Font Info:    Checking defaults for OML/cmm/m/it on input line 39.
LaTeX Font Info:    ... okay on input line 39.
LaTeX Font Info:    Checking defaults for T1/cmr/m/n on input line 39.
LaTeX Font Info:    ... okay on input line 39.
LaTeX Font Info:    Checking defaults for OT1/cmr/m/n on input line 39.
LaTeX Font Info:    ... okay on input line 39.
LaTeX Font Info:    Checking defaults for OMS/cmsy/m/n on input line 39.
LaTeX Font Info:    ... okay on input line 39.
LaTeX Font Info:    Checking defaults for OMX/cmex/m/n on input line 39.
LaTeX Font Info:    ... okay on input line 39.
LaTeX Font Info:    Checking defaults for U/cmr/m/n on input line 39.
LaTeX Font Info:    ... okay on input line 39.
LaTeX Font Info:    Checking defaults for PD1/pdf/m/n on input line 39.
LaTeX Font Info:    ... okay on input line 39.
Package caption Info: Begin \AtBeginDocument code.
Package caption Info: subfig package v1.3 is loaded.
Package caption Info: hyperref package is loaded.
Package caption Info: End \AtBeginDocument code.
 ABD: EverySelectfont initializing macros
LaTeX Info: Redefining \selectfont on input line 39.

(/usr/share/texlive/texmf-dist/tex/context/base/mkii/supp-pdf.mkii
[Loading MPS to PDF converter (version 2006.09.02).]
\scratchcounter=\count124
\scratchdimen=\dimen161
\scratchbox=\box30
\nofMPsegments=\count125
\nofMParguments=\count126
\everyMPshowfont=\toks25
\MPscratchCnt=\count127
\MPscratchDim=\dimen162
\MPnumerator=\count128
\makeMPintoPDFobject=\count129
\everyMPtoPDFconversion=\toks26
)
\AtBeginShipoutBox=\box31
Package hyperref Info: Link coloring ON on input line 39.
 (/usr/share/texlive/texmf-dist/tex/latex/hyperref/nameref.sty
Package: nameref 2016/05/21 v2.44 Cross-referencing by name of section

(/usr/share/texlive/texmf-dist/tex/generic/oberdiek/gettitlestring.sty
Package: gettitlestring 2016/05/16 v1.5 Cleanup title references (HO)
)
\c@section@level=\count130
)
LaTeX Info: Redefining \ref on input line 39.
LaTeX Info: Redefining \pageref on input line 39.
LaTeX Info: Redefining \nameref on input line 39.

(./thesis.out) (./thesis.out)
\@outlinefile=\write3
\openout3 = `thesis.out'.

\openout2 = `header.aux'.

 (./header.tex
LaTeX Font Info:    Try loading font information for U+lasy on input line 29.

(/usr/share/texlive/texmf-dist/tex/latex/base/ulasy.fd
File: ulasy.fd 1998/08/17 v2.2e LaTeX symbol font definitions
)
LaTeX Font Info:    Try loading font information for U+msa on input line 29.

(/usr/share/texlive/texmf-dist/tex/latex/amsfonts/umsa.fd
File: umsa.fd 2013/01/14 v3.01 AMS symbols A
)
LaTeX Font Info:    Try loading font information for U+msb on input line 29.

(/usr/share/texlive/texmf-dist/tex/latex/amsfonts/umsb.fd
File: umsb.fd 2013/01/14 v3.01 AMS symbols B
) [1


{/var/lib/texmf/fonts/map/pdftex/updmap/pdftex.map}]pdfTeX warning (ext4): dest
ination with the same identifier (name{page.1}) has been already used, duplicat
e ignored
<to be read again> 
                   \relax 
l.40 \end{abstract}
                    [1] [1] (./thesis.toc
Missing character: There is no e in font msbm10!
 [2

])
\tf@toc=\write4
\openout4 = `thesis.toc'.

 [3] (./thesis.lof [4

])
\tf@lof=\write5
\openout5 = `thesis.lof'.

 [5]
(./thesis.lot)
\tf@lot=\write6
\openout6 = `thesis.lot'.

 [6

]) [7

] (./intro.tex
Chapter 1.

LaTeX Warning: Citation `wind' on page 1 undefined on input line 9.


LaTeX Warning: Citation `wind' on page 1 undefined on input line 9.

pdfTeX warning (ext4): destination with the same identifier (name{page.1}) has 
been already used, duplicate ignored
<to be read again> 
                   \relax 
l.10 
      [1


]
LaTeX Font Info:    Try loading font information for OMS+cmr on input line 43.
 (/usr/share/texlive/texmf-dist/tex/latex/base/omscmr.fd
File: omscmr.fd 2014/09/29 v2.5h Standard LaTeX font definitions
)
LaTeX Font Info:    Font shape `OMS/cmr/m/n' in size <10> not available
(Font)              Font shape `OMS/cmsy/m/n' tried instead on input line 43.
 [2])
(./sota.tex [3]
Chapter 2.
[4

] [5]) (./background.tex [6]
Chapter 3.

LaTeX Warning: Reference `[rad]' on page 7 undefined on input line 14.

Package epstopdf Info: Source file: <./figures/radarbasics.eps>
(epstopdf)                    date: 2018-05-30 02:30:36
(epstopdf)                    size: 597088 bytes
(epstopdf)             Output file: <./figures/radarbasics-eps-converted-to.pdf
>
(epstopdf)                    date: 2018-05-30 02:30:53
(epstopdf)                    size: 18614 bytes
(epstopdf)             Command: <repstopdf --outfile=./figures/radarbasics-eps-
converted-to.pdf ./figures/radarbasics.eps>
(epstopdf)             \includegraphics on input line 19.
Package epstopdf Info: Output file is already uptodate.
<./figures/radarbasics-eps-converted-to.pdf, id=389, 340.27126pt x 288.07625pt>

File: ./figures/radarbasics-eps-converted-to.pdf Graphic file (type pdf)
<use ./figures/radarbasics-eps-converted-to.pdf>
Package pdftex.def Info: ./figures/radarbasics-eps-converted-to.pdf  used on in
put line 19.
(pdftex.def)             Requested size: 142.26378pt x 120.44173pt.
[7

] [8 <./figures/radarbasics-eps-converted-to.pdf>]
<./figures/up.png, id=409, 649.42625pt x 375.4025pt>
File: ./figures/up.png Graphic file (type png)
<use ./figures/up.png>
Package pdftex.def Info: ./figures/up.png  used on input line 56.
(pdftex.def)             Requested size: 128.0374pt x 74.008pt.
<./figures/down.png, id=410, 647.41875pt x 369.38pt>
File: ./figures/down.png Graphic file (type png)
<use ./figures/down.png>
Package pdftex.def Info: ./figures/down.png  used on input line 57.
(pdftex.def)             Requested size: 128.0374pt x 73.05179pt.
<./figures/tri.png, id=411, 658.46pt x 375.4025pt>
File: ./figures/tri.png Graphic file (type png)
<use ./figures/tri.png>
Package pdftex.def Info: ./figures/tri.png  used on input line 58.
(pdftex.def)             Requested size: 128.0374pt x 72.99411pt.
<./figures/fmcv.png, id=412, 1166.3575pt x 758.835pt>
File: ./figures/fmcv.png Graphic file (type png)
<use ./figures/fmcv.png>
Package pdftex.def Info: ./figures/fmcv.png  used on input line 66.
(pdftex.def)             Requested size: 398.33858pt x 259.15837pt.
 [9 <./figures/up.png> <./figures/down.png> <./figures/tri.png>] [10 <./figures
/fmcv.png>]
Package epstopdf Info: Source file: <./figures/crep2.eps>
(epstopdf)                    date: 2018-05-29 02:45:40
(epstopdf)                    size: 68550 bytes
(epstopdf)             Output file: <./figures/crep2-eps-converted-to.pdf>
(epstopdf)                    date: 2018-05-29 02:45:53
(epstopdf)                    size: 11157 bytes
(epstopdf)             Command: <repstopdf --outfile=./figures/crep2-eps-conver
ted-to.pdf ./figures/crep2.eps>
(epstopdf)             \includegraphics on input line 107.
Package epstopdf Info: Output file is already uptodate.
<./figures/crep2-eps-converted-to.pdf, id=425, 139.52126pt x 154.5775pt>
File: ./figures/crep2-eps-converted-to.pdf Graphic file (type pdf)
<use ./figures/crep2-eps-converted-to.pdf>
Package pdftex.def Info: ./figures/crep2-eps-converted-to.pdf  used on input li
ne 107.
(pdftex.def)             Requested size: 142.26378pt x 157.61977pt.
 [11 <./figures/crep2-eps-converted-to.pdf>] [12] [13]) (./comparison.tex [14]
Chapter 4.

Package hyperref Warning: Token not allowed in a PDF string (PDFDocEncoding):
(hyperref)                removing `math shift' on input line 1.


Package hyperref Warning: Token not allowed in a PDF string (PDFDocEncoding):
(hyperref)                removing `math shift' on input line 1.


Package hyperref Warning: Token not allowed in a PDF string (PDFDocEncoding):
(hyperref)                removing `math shift' on input line 1.


Package hyperref Warning: Token not allowed in a PDF string (PDFDocEncoding):
(hyperref)                removing `math shift' on input line 1.

Missing character: There is no e in font msbm10!
[15

]
<./figures/cnn.png, id=497, 1383.1675pt x 585.18625pt>
File: ./figures/cnn.png Graphic file (type png)
<use ./figures/cnn.png>
Package pdftex.def Info: ./figures/cnn.png  used on input line 13.
(pdftex.def)             Requested size: 426.79134pt x 180.56651pt.

Overfull \hbox (14.22636pt too wide) in paragraph at lines 13--14
 [][] 
 []

Missing character: There is no e in font msbm10!

Package hyperref Warning: Token not allowed in a PDF string (PDFDocEncoding):
(hyperref)                removing `math shift' on input line 22.


Package hyperref Warning: Token not allowed in a PDF string (PDFDocEncoding):
(hyperref)                removing `math shift' on input line 22.


Package hyperref Warning: Token not allowed in a PDF string (PDFDocEncoding):
(hyperref)                removing `math shift' on input line 22.


Package hyperref Warning: Token not allowed in a PDF string (PDFDocEncoding):
(hyperref)                removing `math shift' on input line 22.

Missing character: There is no e in font msbm10!
[16 <./figures/cnn.png>]
Underfull \hbox (badness 10000) in paragraph at lines 37--38

 []

Package epstopdf Info: Source file: <./figures/convRiverTrailBlog.eps>
(epstopdf)                    date: 2018-05-16 20:53:24
(epstopdf)                    size: 490293 bytes
(epstopdf)             Output file: <./figures/convRiverTrailBlog-eps-converted
-to.pdf>
(epstopdf)                    date: 2018-05-16 21:26:11
(epstopdf)                    size: 17741 bytes
(epstopdf)             Command: <repstopdf --outfile=./figures/convRiverTrailBl
og-eps-converted-to.pdf ./figures/convRiverTrailBlog.eps>
(epstopdf)             \includegraphics on input line 52.
Package epstopdf Info: Output file is already uptodate.
<./figures/convRiverTrailBlog-eps-converted-to.pdf, id=511, 274.02374pt x 164.6
15pt>
File: ./figures/convRiverTrailBlog-eps-converted-to.pdf Graphic file (type pdf)

<use ./figures/convRiverTrailBlog-eps-converted-to.pdf>
Package pdftex.def Info: ./figures/convRiverTrailBlog-eps-converted-to.pdf  use
d on input line 52.
(pdftex.def)             Requested size: 170.71652pt x 102.55757pt.
[17]
<./figures/cConvOperation.png, id=525, 517.935pt x 630.355pt>
File: ./figures/cConvOperation.png Graphic file (type png)
<use ./figures/cConvOperation.png>
Package pdftex.def Info: ./figures/cConvOperation.png  used on input line 81.
(pdftex.def)             Requested size: 284.52756pt x 346.30196pt.
Missing character: There is no e in font msbm10!
 [18 <./figures/convRiverTrailBlog-eps-converted-to.pdf>] [19 <./figures/cConvO
peration.png>]
Missing character: There is no e in font msbm10!

Underfull \vbox (badness 1584) has occurred while \output is active []

Missing character: There is no e in font msbm10!
 [20]
[21]
<./figures/relu.png, id=574, 1195.46625pt x 251.94125pt>
File: ./figures/relu.png Graphic file (type png)
<use ./figures/relu.png>
Package pdftex.def Info: ./figures/relu.png  used on input line 188.
(pdftex.def)             Requested size: 398.33858pt x 83.94817pt.

! Extra }, or forgotten \endgroup.
\@endfloatbox ...pagefalse \outer@nobreak \egroup 
                                                  \color@endbox 
l.191  \end{figure}
                   
I've deleted a group-closing symbol because it seems to be
spurious, as in `$x}$'. But perhaps the } is legitimate and
you forgot something else, as in `\hbox{$x}'. In such cases
the way to recover is to insert both the forgotten and the
deleted material, e.g., by typing `I$}'.

Missing character: There is no e in font msbm10!
[22 <./figures/relu.png>]

LaTeX Warning: Reference `tanhz' on page 23 undefined on input line 243.

[23]
Missing character: There is no e in font msbm10!
 [24] [25]
Missing character: There is no e in font msbm10!
 [26] [27]
Missing character: There is no e in font msbm10!
 [28]) (./methodology.tex [29]
Chapter 5.

Underfull \hbox (badness 10000) in paragraph at lines 7--8

 []


Underfull \hbox (badness 10000) in paragraph at lines 9--10

 []

[30

]
<./figures/mnistt.png, id=694, 1917.1625pt x 364.36125pt>
File: ./figures/mnistt.png Graphic file (type png)
<use ./figures/mnistt.png>
Package pdftex.def Info: ./figures/mnistt.png  used on input line 33.
(pdftex.def)             Requested size: 398.33858pt x 75.70084pt.


Package caption Warning: The option `hypcap=true' will be ignored for this
(caption)                particular \caption on input line 33.
See the caption package documentation for explanation.

! Extra }, or forgotten \endgroup.
\@endfloatbox ...pagefalse \outer@nobreak \egroup 
                                                  \color@endbox 
l.35 \end{figure}
                 
I've deleted a group-closing symbol because it seems to be
spurious, as in `$x}$'. But perhaps the } is legitimate and
you forgot something else, as in `\hbox{$x}'. In such cases
the way to recover is to insert both the forgotten and the
deleted material, e.g., by typing `I$}'.


Package caption Warning: \label without proper reference on input line 70.
See the caption package documentation for explanation.


LaTeX Warning: Reference `table:datadist' on page 31 undefined on input line 40
.

[31 <./figures/mnistt.png>]

Package hyperref Warning: Token not allowed in a PDF string (PDFDocEncoding):
(hyperref)                removing `math shift' on input line 80.


Package hyperref Warning: Token not allowed in a PDF string (PDFDocEncoding):
(hyperref)                removing `math shift' on input line 80.


Package hyperref Warning: Token not allowed in a PDF string (PDFDocEncoding):
(hyperref)                removing `math shift' on input line 80.


Package hyperref Warning: Token not allowed in a PDF string (PDFDocEncoding):
(hyperref)                removing `math shift' on input line 80.

Package epstopdf Info: Source file: <./figures/1.eps>
(epstopdf)                    date: 2018-06-01 07:13:16
(epstopdf)                    size: 2056501 bytes
(epstopdf)             Output file: <./figures/1-eps-converted-to.pdf>
(epstopdf)                    date: 2018-06-01 07:16:04
(epstopdf)                    size: 32640 bytes
(epstopdf)             Command: <repstopdf --outfile=./figures/1-eps-converted-
to.pdf ./figures/1.eps>
(epstopdf)             \includegraphics on input line 89.
Package epstopdf Info: Output file is already uptodate.
<./figures/1-eps-converted-to.pdf, id=710, 462.72874pt x 734.745pt>
File: ./figures/1-eps-converted-to.pdf Graphic file (type pdf)
<use ./figures/1-eps-converted-to.pdf>
Package pdftex.def Info: ./figures/1-eps-converted-to.pdf  used on input line 8
9.
(pdftex.def)             Requested size: 142.26378pt x 225.8963pt.
Package epstopdf Info: Source file: <./figures/23.eps>
(epstopdf)                    date: 2018-06-01 07:13:33
(epstopdf)                    size: 2634779 bytes
(epstopdf)             Output file: <./figures/23-eps-converted-to.pdf>
(epstopdf)                    date: 2018-06-01 07:15:04
(epstopdf)                    size: 42061 bytes
(epstopdf)             Command: <repstopdf --outfile=./figures/23-eps-converted
-to.pdf ./figures/23.eps>
(epstopdf)             \includegraphics on input line 91.
Package epstopdf Info: Output file is already uptodate.
<./figures/23-eps-converted-to.pdf, id=711, 593.21625pt x 734.745pt>
File: ./figures/23-eps-converted-to.pdf Graphic file (type pdf)
<use ./figures/23-eps-converted-to.pdf>
Package pdftex.def Info: ./figures/23-eps-converted-to.pdf  used on input line 
91.
(pdftex.def)             Requested size: 192.05609pt x 237.88118pt.
Package epstopdf Info: Source file: <./figures/ARCH.eps>
(epstopdf)                    date: 2018-06-01 07:29:58
(epstopdf)                    size: 1077940 bytes
(epstopdf)             Output file: <./figures/ARCH-eps-converted-to.pdf>
(epstopdf)                    date: 2018-06-01 07:30:42
(epstopdf)                    size: 20000 bytes
(epstopdf)             Command: <repstopdf --outfile=./figures/ARCH-eps-convert
ed-to.pdf ./figures/ARCH.eps>
(epstopdf)             \includegraphics on input line 93.
Package epstopdf Info: Output file is already uptodate.
<./figures/ARCH-eps-converted-to.pdf, id=712, 332.24126pt x 534.99875pt>
File: ./figures/ARCH-eps-converted-to.pdf Graphic file (type pdf)
<use ./figures/ARCH-eps-converted-to.pdf>
Package pdftex.def Info: ./figures/ARCH-eps-converted-to.pdf  used on input lin
e 93.
(pdftex.def)             Requested size: 142.26378pt x 229.0817pt.
) (./experiments.tex [32] [33 <./figures/1-eps-converted-to.pdf> <./figures/23-
eps-converted-to.pdf> <./figures/ARCH-eps-converted-to.pdf>]
Chapter 6.

Package array Warning: Column ? is already defined on input line 3.

<./figures/layers.png, id=731, 508.90125pt x 346.29375pt>
File: ./figures/layers.png Graphic file (type png)
<use ./figures/layers.png>
Package pdftex.def Info: ./figures/layers.png  used on input line 10.
(pdftex.def)             Requested size: 199.16928pt x 135.52957pt.

Package caption Warning: The option `hypcap=true' will be ignored for this
(caption)                particular \caption on input line 10.
See the caption package documentation for explanation.

! Extra }, or forgotten \endgroup.
\@endfloatbox ...pagefalse \outer@nobreak \egroup 
                                                  \color@endbox 
l.12 \end{figure}
                 
I've deleted a group-closing symbol because it seems to be
spurious, as in `$x}$'. But perhaps the } is legitimate and
you forgot something else, as in `\hbox{$x}'. In such cases
the way to recover is to insert both the forgotten and the
deleted material, e.g., by typing `I$}'.

[34

 <./figures/layers.png>]

Package caption Warning: The option `hypcap=true' will be ignored for this
(caption)                particular \caption on input line 23.
See the caption package documentation for explanation.


Package caption Warning: The option `hypcap=true' will be ignored for this
(caption)                particular \caption on input line 37.
See the caption package documentation for explanation.

) (./conclusion.tex [35]
Chapter 7.
) (./appendix.tex [36

]
Appendix A.
<./figures/bike38.jpg, id=747, 923.2238pt x 1731.42633pt>
File: ./figures/bike38.jpg Graphic file (type jpg)
<use ./figures/bike38.jpg>
Package pdftex.def Info: ./figures/bike38.jpg  used on input line 6.
(pdftex.def)             Requested size: 213.39566pt x 400.20114pt.
<./figures/bike63.jpg, id=748, 923.2238pt x 1731.42633pt>
File: ./figures/bike63.jpg Graphic file (type jpg)
<use ./figures/bike63.jpg>
Package pdftex.def Info: ./figures/bike63.jpg  used on input line 6.
(pdftex.def)             Requested size: 213.39566pt x 400.20114pt.

Overfull \hbox (14.22635pt too wide) in paragraph at lines 6--6
 [][][] 
 []

) (./thesis.bbl [37

] [38 <./figures/bike38.jpg> <./figures/bike63.jpg>]
Overfull \hbox (63.65828pt too wide) in paragraph at lines 7--9
[]\OT1/cmr/m/n/10 By josef step-pan - own work, cc by-sa 4.0, https://commons.w
ikimedia.org/w/index.php?curid=64810040. 
 []


Underfull \hbox (badness 1681) in paragraph at lines 59--62
[]\OT1/cmr/m/n/10 Nitzan Gu-ber-man.  On com-plex val-ued con-vo-lu-tional neu-
ral net-works.  \OT1/cmr/m/it/10 CoRR\OT1/cmr/m/n/10 ,
 []

[39

] [40])
Package atveryend Info: Empty hook `BeforeClearDocument' on input line 85.
 [41]
Package atveryend Info: Empty hook `AfterLastShipout' on input line 85.
 (./thesis.aux (./header.aux))
Package atveryend Info: Executing hook `AtVeryEndDocument' on input line 85.
Package atveryend Info: Executing hook `AtEndAfterFileList' on input line 85.
Package rerunfilecheck Info: File `thesis.out' has not changed.
(rerunfilecheck)             Checksum: 879308F87D21C3B71A32285938F05DC2;2952.


LaTeX Warning: There were undefined references.


LaTeX Warning: There were multiply-defined labels.

Package atveryend Info: Empty hook `AtVeryVeryEnd' on input line 85.
 ) 
Here is how much of TeX's memory you used:
 8693 strings out of 494471
 128837 string characters out of 6175119
 221732 words of memory out of 5000000
 11892 multiletter control sequences out of 15000+600000
 19761 words of font info for 82 fonts, out of 8000000 for 9000
 81 hyphenation exceptions out of 8191
 44i,14n,61p,1906b,434s stack positions out of 5000i,500n,10000p,200000b,80000s
</usr/share/texlive/texmf-dist/fonts/type1/public/amsfonts/cm/cmbx10.pfb></us
r/share/texlive/texmf-dist/fonts/type1/public/amsfonts/cm/cmbx12.pfb></usr/shar
e/texlive/texmf-dist/fonts/type1/public/amsfonts/cm/cmex10.pfb></usr/share/texl
ive/texmf-dist/fonts/type1/public/amsfonts/cm/cmmi10.pfb></usr/share/texlive/te
xmf-dist/fonts/type1/public/amsfonts/cm/cmmi5.pfb></usr/share/texlive/texmf-dis
t/fonts/type1/public/amsfonts/cm/cmmi7.pfb></usr/share/texlive/texmf-dist/fonts
/type1/public/amsfonts/cm/cmr10.pfb></usr/share/texlive/texmf-dist/fonts/type1/
public/amsfonts/cm/cmr12.pfb></usr/share/texlive/texmf-dist/fonts/type1/public/
amsfonts/cm/cmr5.pfb></usr/share/texlive/texmf-dist/fonts/type1/public/amsfonts
/cm/cmr7.pfb></usr/share/texlive/texmf-dist/fonts/type1/public/amsfonts/cm/cmr9
.pfb></usr/share/texlive/texmf-dist/fonts/type1/public/amsfonts/cm/cmsl10.pfb><
/usr/share/texlive/texmf-dist/fonts/type1/public/amsfonts/cm/cmsy10.pfb></usr/s
hare/texlive/texmf-dist/fonts/type1/public/amsfonts/cm/cmsy5.pfb></usr/share/te
xlive/texmf-dist/fonts/type1/public/amsfonts/cm/cmsy7.pfb></usr/share/texlive/t
exmf-dist/fonts/type1/public/amsfonts/cm/cmti10.pfb></usr/share/texlive/texmf-d
ist/fonts/type1/public/amsfonts/symbols/msbm10.pfb>
Output written on thesis.pdf (50 pages, 7469513 bytes).
PDF statistics:
 882 PDF objects out of 1000 (max. 8388607)
 771 compressed objects within 8 object streams
 231 named destinations out of 1000 (max. 500000)
 422 words of extra memory for PDF output out of 10000 (max. 10000000)

