\BOOKMARK [0][-]{chapter*.4}{}{}% 1
\BOOKMARK [0][-]{chapter.1}{Introduction}{}% 2
\BOOKMARK [1][-]{section.1.1}{Motivation}{chapter.1}% 3
\BOOKMARK [1][-]{section.1.2}{Objectives}{chapter.1}% 4
\BOOKMARK [1][-]{section.1.3}{Document structure}{chapter.1}% 5
\BOOKMARK [0][-]{chapter.2}{Background}{}% 6
\BOOKMARK [1][-]{section.2.1}{Radar technology}{chapter.2}% 7
\BOOKMARK [2][-]{subsection.2.1.1}{Working principle of radar}{section.2.1}% 8
\BOOKMARK [2][-]{subsection.2.1.2}{Frequency modulated continuous-wave radar}{section.2.1}% 9
\BOOKMARK [1][-]{section.2.2}{Complex numbers theory}{chapter.2}% 10
\BOOKMARK [2][-]{subsection.2.2.1}{Representations of complex numbers}{section.2.2}% 11
\BOOKMARK [2][-]{subsection.2.2.2}{Trichotomy law and comparison of two complex numbers}{section.2.2}% 12
\BOOKMARK [2][-]{subsection.2.2.3}{Holomorphism \046 complex differentiability}{section.2.2}% 13
\BOOKMARK [2][-]{subsection.2.2.4}{Generalized chain rule for real-valued complex function}{section.2.2}% 14
\BOOKMARK [0][-]{chapter.3}{Literature Review}{}% 15
\BOOKMARK [0][-]{chapter.4}{Comparison of Re-CNNs with C-CNNs}{}% 16
\BOOKMARK [1][-]{section.4.1}{Convolutional neural networks}{chapter.4}% 17
\BOOKMARK [1][-]{section.4.2}{The building blocks of R-CNNs and C-CNNs}{chapter.4}% 18
\BOOKMARK [2][-]{subsection.4.2.1}{Convolution}{section.4.2}% 19
\BOOKMARK [2][-]{subsection.4.2.2}{Batch normalization}{section.4.2}% 20
\BOOKMARK [2][-]{subsection.4.2.3}{Activation function}{section.4.2}% 21
\BOOKMARK [2][-]{subsection.4.2.4}{Weight initialization}{section.4.2}% 22
\BOOKMARK [2][-]{subsection.4.2.5}{Pooling layer}{section.4.2}% 23
\BOOKMARK [2][-]{subsection.4.2.6}{Fully-connected Layer}{section.4.2}% 24
\BOOKMARK [2][-]{subsection.4.2.7}{Loss function}{section.4.2}% 25
\BOOKMARK [2][-]{subsection.4.2.8}{Optimization through backpropagation}{section.4.2}% 26
\BOOKMARK [0][-]{chapter.5}{Methodology}{}% 27
\BOOKMARK [1][-]{section.5.1}{Approach}{chapter.5}% 28
\BOOKMARK [1][-]{section.5.2}{Datasets}{chapter.5}% 29
\BOOKMARK [2][-]{subsection.5.2.1}{MNIST+P dataset}{section.5.2}% 30
\BOOKMARK [2][-]{subsection.5.2.2}{Radar datasets}{section.5.2}% 31
\BOOKMARK [1][-]{section.5.3}{Architecture \205 R-CNNs \046 C-CNNs}{chapter.5}% 32
\BOOKMARK [0][-]{chapter.6}{Experimentation}{}% 33
\BOOKMARK [1][-]{section.6.1}{Practical implementation of complex numbers}{chapter.6}% 34
\BOOKMARK [1][-]{section.6.2}{Experimentation details}{chapter.6}% 35
\BOOKMARK [2][-]{subsection.6.2.1}{Experimentation with MNIST+P dataset}{section.6.2}% 36
\BOOKMARK [2][-]{subsection.6.2.2}{Experimentation with radar datasets}{section.6.2}% 37
\BOOKMARK [0][-]{chapter.7}{Conclusion}{}% 38
\BOOKMARK [0][-]{chapter.8}{Future work}{}% 39
\BOOKMARK [0][-]{appendix.A}{}{}% 40
\BOOKMARK [1][-]{section.A.1}{Radar-300 dataset}{appendix.A}% 41
\BOOKMARK [0][-]{appendix.B}{}{}% 42
\BOOKMARK [1][-]{section.B.1}{Radar-150 dataset}{appendix.B}% 43
\BOOKMARK [0][-]{appendix.C}{}{}% 44
\BOOKMARK [1][-]{section.C.1}{Confusion matrices from MNIST+P and radar datasets experiments}{appendix.C}% 45
\BOOKMARK [0][-]{appendix*.64}{}{}% 46
